C:\Program Files\Microsoft Visual Studio\2022\Community\MSBuild\Microsoft\VC\v170\Microsoft.CppBuild.targets(538,5): warning MSB8028: The intermediate directory (x64\Debug\) contains files shared from another project (11 - OOP as it Should Be (Applications).vcxproj).  This can lead to incorrect clean and rebuild behavior.
  Bank Project.cpp
D:\Programming\المشاريع\Bank Project\Bank Project\clsString.h(39,25): warning C4267: 'return': conversion from 'size_t' to 'short', possible loss of data
  (compiling source file 'Bank%20Project.cpp')
  
D:\Programming\المشاريع\Bank Project\Bank Project\clsString.h(44,29): warning C4267: 'return': conversion from 'size_t' to 'short', possible loss of data
  (compiling source file 'Bank%20Project.cpp')
  
D:\Programming\المشاريع\Bank Project\Bank Project\clsString.h(56,30): warning C4267: '=': conversion from 'size_t' to 'short', possible loss of data
  (compiling source file 'Bank%20Project.cpp')
  
D:\Programming\المشاريع\Bank Project\Bank Project\clsString.h(178,29): warning C4267: 'return': conversion from 'size_t' to 'short', possible loss of data
  (compiling source file 'Bank%20Project.cpp')
  
D:\Programming\المشاريع\Bank Project\Bank Project\clsString.h(288,30): warning C4267: '=': conversion from 'size_t' to 'short', possible loss of data
  (compiling source file 'Bank%20Project.cpp')
  
D:\Programming\المشاريع\Bank Project\Bank Project\clsString.h(330,22): warning C4267: 'initializing': conversion from 'size_t' to 'short', possible loss of data
  (compiling source file 'Bank%20Project.cpp')
  
D:\Programming\المشاريع\Bank Project\Bank Project\clsUser.h(187,12): warning C4240: nonstandard extension used: access to 'clsUser::stLoginRegisterRecord' now defined to be 'public', previously it was defined to be 'private'
  (compiling source file 'Bank%20Project.cpp')
      D:\Programming\المشاريع\Bank Project\Bank Project\clsUser.h(23,12):
      see declaration of 'clsUser::stLoginRegisterRecord'
  
D:\Programming\المشاريع\Bank Project\Bank Project\clsInputValidate.h(115,16): warning C4244: 'initializing': conversion from 'double' to 'float', possible loss of data
  (compiling source file 'Bank%20Project.cpp')
  
D:\Programming\المشاريع\Bank Project\Bank Project\clsInputValidate.h(119,26): warning C4244: '=': conversion from 'double' to 'float', possible loss of data
  (compiling source file 'Bank%20Project.cpp')
  
D:\Programming\المشاريع\Bank Project\Bank Project\clsBankClient.h(206,12): warning C4240: nonstandard extension used: access to 'clsBankClient::stTrnsferLogRecord' now defined to be 'public', previously it was defined to be 'private'
  (compiling source file 'Bank%20Project.cpp')
      D:\Programming\المشاريع\Bank Project\Bank Project\clsBankClient.h(152,12):
      see declaration of 'clsBankClient::stTrnsferLogRecord'
  
D:\Programming\المشاريع\Bank Project\Bank Project\clsBankClient.h(28,65): warning C4244: 'argument': conversion from 'double' to 'float', possible loss of data
  (compiling source file 'Bank%20Project.cpp')
  
D:\Programming\المشاريع\Bank Project\Bank Project\clsBankClient.h(162,39): warning C4244: '=': conversion from 'double' to 'float', possible loss of data
  (compiling source file 'Bank%20Project.cpp')
  
D:\Programming\المشاريع\Bank Project\Bank Project\clsBankClient.h(163,48): warning C4244: '=': conversion from 'double' to 'float', possible loss of data
  (compiling source file 'Bank%20Project.cpp')
  
D:\Programming\المشاريع\Bank Project\Bank Project\clsBankClient.h(164,49): warning C4244: '=': conversion from 'double' to 'float', possible loss of data
  (compiling source file 'Bank%20Project.cpp')
  
D:\Programming\المشاريع\Bank Project\Bank Project\clsBankClient.h(421,28): warning C4244: '+=': conversion from 'double' to 'float', possible loss of data
  (compiling source file 'Bank%20Project.cpp')
  
D:\Programming\المشاريع\Bank Project\Bank Project\clsBankClient.h(434,32): warning C4244: '-=': conversion from 'double' to 'float', possible loss of data
  (compiling source file 'Bank%20Project.cpp')
  
D:\Programming\المشاريع\Bank Project\Bank Project\clsAddNewClientScreen.h(30,66): warning C4244: 'argument': conversion from 'double' to 'float', possible loss of data
  (compiling source file 'Bank%20Project.cpp')
  
D:\Programming\المشاريع\Bank Project\Bank Project\clsUpdateClientScreen.h(47,66): warning C4244: 'argument': conversion from 'double' to 'float', possible loss of data
  (compiling source file 'Bank%20Project.cpp')
  
D:\Programming\المشاريع\Bank Project\Bank Project\clsUtil.h(64,5): warning C4102: 'defualt': unreferenced label
  (compiling source file 'Bank%20Project.cpp')
  
D:\Programming\المشاريع\Bank Project\Bank Project\clsTotalBalancesScreen.h(57,82): warning C4244: 'argument': conversion from 'double' to 'int', possible loss of data
  (compiling source file 'Bank%20Project.cpp')
  
D:\Programming\المشاريع\Bank Project\Bank Project\clsTransferScreen.h(42,51): warning C4244: '=': conversion from 'double' to 'float', possible loss of data
  (compiling source file 'Bank%20Project.cpp')
  
D:\Programming\المشاريع\Bank Project\Bank Project\clsTransferScreen.h(47,53): warning C4244: '=': conversion from 'double' to 'float', possible loss of data
  (compiling source file 'Bank%20Project.cpp')
  
D:\Programming\المشاريع\Bank Project\Bank Project\clsBankClient.h(376,1): warning C4715: 'clsBankClient::Save': not all control paths return a value
D:\Programming\المشاريع\Bank Project\Bank Project\clsBankClient.h(438,1): warning C4715: 'clsBankClient::Withdraw': not all control paths return a value
D:\Programming\المشاريع\Bank Project\Bank Project\clsUser.h(344,1): warning C4715: 'clsUser::Save': not all control paths return a value
  11 - OOP as it Should Be (Applications).vcxproj -> D:\Programming\المشاريع\Bank Project\x64\Debug\Bank Project.exe
